<?xml version="1.0" encoding="UTF-8"?>
<!-- Generated by org.testng.reporters.JUnitReportReporter -->
<testsuite hostname="1f4ebb2e86cf5d9" failures="0" tests="1" name="ustbatchno3.TestNg.SalesTest" time="0.022" errors="0" timestamp="2023-03-13T16:57:23 IST" skipped="0">
  <testcase classname="ustbatchno3.TestNg.SalesTest" name="Construction" time="0.022"/>
  <system-out/>
</testsuite> <!-- ustbatchno3.TestNg.SalesTest -->
