<?xml version="1.0" encoding="UTF-8"?>
<!-- Generated by org.testng.reporters.JUnitReportReporter -->
<testsuite hostname="1f4ebb2e86cf5d9" failures="0" tests="1" name="ustbatchno3.TestNg.EmployeeTest" time="0.018" errors="0" timestamp="2023-03-13T16:00:21 IST" skipped="0">
  <testcase classname="ustbatchno3.TestNg.EmployeeTest" name="testforEmployee" time="0.018"/>
  <system-out/>
</testsuite> <!-- ustbatchno3.TestNg.EmployeeTest -->
